  Bonus.cpp
D:\VS\projects\platformer\Entity\Bonus.cpp(4,37): warning C4244: 'argument': conversion from 'size_t' to 'T', possible loss of data
          with
          [
              T=float
          ]
D:\VS\projects\platformer\Entity\Bonus.cpp(4,16): warning C4244: 'argument': conversion from 'size_t' to 'T', possible loss of data
          with
          [
              T=float
          ]
D:\VS\projects\platformer\Entity\Bonus.cpp(17,63): warning C4244: 'argument': conversion from 'T' to 'T', possible loss of data
          with
          [
              T=float
          ]
          and
          [
              T=int
          ]
D:\VS\projects\platformer\Entity\Bonus.cpp(17,49): warning C4244: 'argument': conversion from 'T' to 'T', possible loss of data
          with
          [
              T=float
          ]
          and
          [
              T=int
          ]
D:\VS\projects\platformer\Entity\Bonus.cpp(19,75): warning C4244: 'argument': conversion from 'T' to 'T', possible loss of data
          with
          [
              T=float
          ]
          and
          [
              T=int
          ]
D:\VS\projects\platformer\Entity\Bonus.cpp(19,54): warning C4244: 'argument': conversion from 'T' to 'T', possible loss of data
          with
          [
              T=float
          ]
          and
          [
              T=int
          ]
D:\VS\projects\platformer\Entity\Bonus.cpp(19,43): warning C4244: 'argument': conversion from 'T' to 'T', possible loss of data
          with
          [
              T=float
          ]
          and
          [
              T=int
          ]
  Fireball.cpp
D:\VS\projects\platformer\Entity\Fireball.cpp(3,58): warning C4244: 'initializing': conversion from 'size_t' to 'float', possible loss of data
D:\VS\projects\platformer\Entity\Fireball.cpp(3,68): warning C4244: 'initializing': conversion from 'size_t' to 'float', possible loss of data
D:\VS\projects\platformer\Entity\Fireball.cpp(4,11): warning C4244: '=': conversion from 'double' to 'float', possible loss of data
D:\VS\projects\platformer\Entity\Fireball.cpp(14,10): warning C4305: '=': truncation from 'double' to 'float'
  main.cpp
  Mob.cpp
D:\VS\projects\platformer\Entity\Mob.hpp(13,1): warning C4305: '=': truncation from 'double' to 'float'
D:\VS\projects\platformer\Entity\Mob.cpp(6,10): warning C4305: '=': truncation from 'double' to 'float'
D:\VS\projects\platformer\Entity\Mob.cpp(15,10): warning C4305: '=': truncation from 'double' to 'float'
D:\VS\projects\platformer\Entity\Mob.cpp(23,18): warning C4244: '=': conversion from 'size_t' to 'T', possible loss of data
          with
          [
              T=float
          ]
D:\VS\projects\platformer\Entity\Mob.cpp(24,17): warning C4244: '=': conversion from 'size_t' to 'T', possible loss of data
          with
          [
              T=float
          ]
D:\VS\projects\platformer\Entity\Mob.cpp(32,32): warning C4244: '=': conversion from 'size_t' to 'T', possible loss of data
          with
          [
              T=float
          ]
D:\VS\projects\platformer\Entity\Mob.cpp(40,104): warning C4244: 'argument': conversion from 'T' to 'T', possible loss of data
          with
          [
              T=float
          ]
          and
          [
              T=int
          ]
D:\VS\projects\platformer\Entity\Mob.cpp(40,90): warning C4244: 'argument': conversion from 'T' to 'T', possible loss of data
          with
          [
              T=float
          ]
          and
          [
              T=int
          ]
D:\VS\projects\platformer\Entity\Mob.cpp(40,74): warning C4244: 'argument': conversion from 'T' to 'T', possible loss of data
          with
          [
              T=float
          ]
          and
          [
              T=int
          ]
D:\VS\projects\platformer\Entity\Mob.cpp(41,120): warning C4244: 'argument': conversion from 'T' to 'T', possible loss of data
          with
          [
              T=float
          ]
          and
          [
              T=int
          ]
D:\VS\projects\platformer\Entity\Mob.cpp(41,99): warning C4244: 'argument': conversion from 'T' to 'T', possible loss of data
          with
          [
              T=float
          ]
          and
          [
              T=int
          ]
D:\VS\projects\platformer\Entity\Mob.cpp(41,80): warning C4244: 'argument': conversion from 'T' to 'T', possible loss of data
          with
          [
              T=float
          ]
          and
          [
              T=int
          ]
  Player.cpp
D:\VS\projects\platformer\Entity\Player.cpp(10,16): warning C4305: '=': truncation from 'double' to 'float'
D:\VS\projects\platformer\Entity\Player.cpp(18,19): warning C4244: '=': conversion from 'size_t' to 'T', possible loss of data
          with
          [
              T=float
          ]
D:\VS\projects\platformer\Entity\Player.cpp(19,18): warning C4244: '=': conversion from 'size_t' to 'T', possible loss of data
          with
          [
              T=float
          ]
D:\VS\projects\platformer\Entity\Player.cpp(20,17): warning C4305: '=': truncation from 'double' to 'float'
D:\VS\projects\platformer\Entity\Player.cpp(34,32): warning C4244: '=': conversion from 'size_t' to 'T', possible loss of data
          with
          [
              T=float
          ]
D:\VS\projects\platformer\Entity\Player.cpp(42,31): warning C4244: '=': conversion from 'size_t' to 'T', possible loss of data
          with
          [
              T=float
          ]
D:\VS\projects\platformer\Entity\Player.cpp(66,102): warning C4244: 'argument': conversion from 'T' to 'T', possible loss of data
          with
          [
              T=float
          ]
          and
          [
              T=int
          ]
D:\VS\projects\platformer\Entity\Player.cpp(66,88): warning C4244: 'argument': conversion from 'T' to 'T', possible loss of data
          with
          [
              T=float
          ]
          and
          [
              T=int
          ]
D:\VS\projects\platformer\Entity\Player.cpp(66,61): warning C4244: 'argument': conversion from 'T' to 'T', possible loss of data
          with
          [
              T=float
          ]
          and
          [
              T=int
          ]
D:\VS\projects\platformer\Entity\Player.cpp(67,118): warning C4244: 'argument': conversion from 'T' to 'T', possible loss of data
          with
          [
              T=float
          ]
          and
          [
              T=int
          ]
D:\VS\projects\platformer\Entity\Player.cpp(67,97): warning C4244: 'argument': conversion from 'T' to 'T', possible loss of data
          with
          [
              T=float
          ]
          and
          [
              T=int
          ]
D:\VS\projects\platformer\Entity\Player.cpp(67,78): warning C4244: 'argument': conversion from 'T' to 'T', possible loss of data
          with
          [
              T=float
          ]
          and
          [
              T=int
          ]
D:\VS\projects\platformer\Entity\Player.cpp(70,64): warning C4244: 'argument': conversion from 'T' to 'T', possible loss of data
          with
          [
              T=float
          ]
          and
          [
              T=int
          ]
D:\VS\projects\platformer\Entity\Player.cpp(70,50): warning C4244: 'argument': conversion from 'T' to 'T', possible loss of data
          with
          [
              T=float
          ]
          and
          [
              T=int
          ]
D:\VS\projects\platformer\Entity\Player.cpp(72,76): warning C4244: 'argument': conversion from 'T' to 'T', possible loss of data
          with
          [
              T=float
          ]
          and
          [
              T=int
          ]
D:\VS\projects\platformer\Entity\Player.cpp(72,55): warning C4244: 'argument': conversion from 'T' to 'T', possible loss of data
          with
          [
              T=float
          ]
          and
          [
              T=int
          ]
D:\VS\projects\platformer\Entity\Player.cpp(72,44): warning C4244: 'argument': conversion from 'T' to 'T', possible loss of data
          with
          [
              T=float
          ]
          and
          [
              T=int
          ]
  Generating Code...
  Entity.vcxproj -> D:\VS\projects\platformer\Debug\Entity.exe
